[2017-02-28 10:59:46] local.ERROR: ReflectionException: Class App\Http\Controllers\IndexController does not exist in F:\web\phpStudy\WWW\git\laravel52\vendor\laravel\framework\src\Illuminate\Routing\Route.php:280
Stack trace:
#0 F:\web\phpStudy\WWW\git\laravel52\vendor\laravel\framework\src\Illuminate\Routing\Route.php(280): ReflectionMethod->__construct('App\\Http\\Contro...', 'index')
#1 F:\web\phpStudy\WWW\git\laravel52\vendor\laravel\framework\src\Illuminate\Routing\Router.php(857): Illuminate\Routing\Route->signatureParameters('Illuminate\\Data...')
#2 F:\web\phpStudy\WWW\git\laravel52\vendor\laravel\framework\src\Illuminate\Routing\Router.php(842): Illuminate\Routing\Router->substituteImplicitBindings(Object(Illuminate\Routing\Route))
#3 F:\web\phpStudy\WWW\git\laravel52\vendor\laravel\framework\src\Illuminate\Routing\Router.php(825): Illuminate\Routing\Router->substituteBindings(Object(Illuminate\Routing\Route))
#4 F:\web\phpStudy\WWW\git\laravel52\vendor\laravel\framework\src\Illuminate\Routing\Router.php(691): Illuminate\Routing\Router->findRoute(Object(Illuminate\Http\Request))
#5 F:\web\phpStudy\WWW\git\laravel52\vendor\laravel\framework\src\Illuminate\Routing\Router.php(675): Illuminate\Routing\Router->dispatchToRoute(Object(Illuminate\Http\Request))
#6 F:\web\phpStudy\WWW\git\laravel52\vendor\laravel\framework\src\Illuminate\Foundation\Http\Kernel.php(246): Illuminate\Routing\Router->dispatch(Object(Illuminate\Http\Request))
#7 [internal function]: Illuminate\Foundation\Http\Kernel->Illuminate\Foundation\Http\{closure}(Object(Illuminate\Http\Request))
#8 F:\web\phpStudy\WWW\git\laravel52\vendor\laravel\framework\src\Illuminate\Routing\Pipeline.php(52): call_user_func(Object(Closure), Object(Illuminate\Http\Request))
#9 F:\web\phpStudy\WWW\git\laravel52\vendor\laravel\framework\src\Illuminate\Foundation\Http\Middleware\CheckForMaintenanceMode.php(44): Illuminate\Routing\Pipeline->Illuminate\Routing\{closure}(Object(Illuminate\Http\Request))
#10 [internal function]: Illuminate\Foundation\Http\Middleware\CheckForMaintenanceMode->handle(Object(Illuminate\Http\Request), Object(Closure))
#11 F:\web\phpStudy\WWW\git\laravel52\vendor\laravel\framework\src\Illuminate\Pipeline\Pipeline.php(136): call_user_func_array(Array, Array)
#12 [internal function]: Illuminate\Pipeline\Pipeline->Illuminate\Pipeline\{closure}(Object(Illuminate\Http\Request))
#13 F:\web\phpStudy\WWW\git\laravel52\vendor\laravel\framework\src\Illuminate\Routing\Pipeline.php(32): call_user_func(Object(Closure), Object(Illuminate\Http\Request))
#14 [internal function]: Illuminate\Routing\Pipeline->Illuminate\Routing\{closure}(Object(Illuminate\Http\Request))
#15 F:\web\phpStudy\WWW\git\laravel52\vendor\laravel\framework\src\Illuminate\Pipeline\Pipeline.php(102): call_user_func(Object(Closure), Object(Illuminate\Http\Request))
#16 F:\web\phpStudy\WWW\git\laravel52\vendor\laravel\framework\src\Illuminate\Foundation\Http\Kernel.php(132): Illuminate\Pipeline\Pipeline->then(Object(Closure))
#17 F:\web\phpStudy\WWW\git\laravel52\vendor\laravel\framework\src\Illuminate\Foundation\Http\Kernel.php(99): Illuminate\Foundation\Http\Kernel->sendRequestThroughRouter(Object(Illuminate\Http\Request))
#18 F:\web\phpStudy\WWW\git\laravel52\public\index.php(53): Illuminate\Foundation\Http\Kernel->handle(Object(Illuminate\Http\Request))
#19 {main}  
[2017-02-28 11:00:19] local.ERROR: ReflectionException: Method App\Http\Controllers\Home\IndexController::index() does not exist in F:\web\phpStudy\WWW\git\laravel52\vendor\laravel\framework\src\Illuminate\Routing\Route.php:280
Stack trace:
#0 F:\web\phpStudy\WWW\git\laravel52\vendor\laravel\framework\src\Illuminate\Routing\Route.php(280): ReflectionMethod->__construct('App\\Http\\Contro...', 'index')
#1 F:\web\phpStudy\WWW\git\laravel52\vendor\laravel\framework\src\Illuminate\Routing\Router.php(857): Illuminate\Routing\Route->signatureParameters('Illuminate\\Data...')
#2 F:\web\phpStudy\WWW\git\laravel52\vendor\laravel\framework\src\Illuminate\Routing\Router.php(842): Illuminate\Routing\Router->substituteImplicitBindings(Object(Illuminate\Routing\Route))
#3 F:\web\phpStudy\WWW\git\laravel52\vendor\laravel\framework\src\Illuminate\Routing\Router.php(825): Illuminate\Routing\Router->substituteBindings(Object(Illuminate\Routing\Route))
#4 F:\web\phpStudy\WWW\git\laravel52\vendor\laravel\framework\src\Illuminate\Routing\Router.php(691): Illuminate\Routing\Router->findRoute(Object(Illuminate\Http\Request))
#5 F:\web\phpStudy\WWW\git\laravel52\vendor\laravel\framework\src\Illuminate\Routing\Router.php(675): Illuminate\Routing\Router->dispatchToRoute(Object(Illuminate\Http\Request))
#6 F:\web\phpStudy\WWW\git\laravel52\vendor\laravel\framework\src\Illuminate\Foundation\Http\Kernel.php(246): Illuminate\Routing\Router->dispatch(Object(Illuminate\Http\Request))
#7 [internal function]: Illuminate\Foundation\Http\Kernel->Illuminate\Foundation\Http\{closure}(Object(Illuminate\Http\Request))
#8 F:\web\phpStudy\WWW\git\laravel52\vendor\laravel\framework\src\Illuminate\Routing\Pipeline.php(52): call_user_func(Object(Closure), Object(Illuminate\Http\Request))
#9 F:\web\phpStudy\WWW\git\laravel52\vendor\laravel\framework\src\Illuminate\Foundation\Http\Middleware\CheckForMaintenanceMode.php(44): Illuminate\Routing\Pipeline->Illuminate\Routing\{closure}(Object(Illuminate\Http\Request))
#10 [internal function]: Illuminate\Foundation\Http\Middleware\CheckForMaintenanceMode->handle(Object(Illuminate\Http\Request), Object(Closure))
#11 F:\web\phpStudy\WWW\git\laravel52\vendor\laravel\framework\src\Illuminate\Pipeline\Pipeline.php(136): call_user_func_array(Array, Array)
#12 [internal function]: Illuminate\Pipeline\Pipeline->Illuminate\Pipeline\{closure}(Object(Illuminate\Http\Request))
#13 F:\web\phpStudy\WWW\git\laravel52\vendor\laravel\framework\src\Illuminate\Routing\Pipeline.php(32): call_user_func(Object(Closure), Object(Illuminate\Http\Request))
#14 [internal function]: Illuminate\Routing\Pipeline->Illuminate\Routing\{closure}(Object(Illuminate\Http\Request))
#15 F:\web\phpStudy\WWW\git\laravel52\vendor\laravel\framework\src\Illuminate\Pipeline\Pipeline.php(102): call_user_func(Object(Closure), Object(Illuminate\Http\Request))
#16 F:\web\phpStudy\WWW\git\laravel52\vendor\laravel\framework\src\Illuminate\Foundation\Http\Kernel.php(132): Illuminate\Pipeline\Pipeline->then(Object(Closure))
#17 F:\web\phpStudy\WWW\git\laravel52\vendor\laravel\framework\src\Illuminate\Foundation\Http\Kernel.php(99): Illuminate\Foundation\Http\Kernel->sendRequestThroughRouter(Object(Illuminate\Http\Request))
#18 F:\web\phpStudy\WWW\git\laravel52\public\index.php(53): Illuminate\Foundation\Http\Kernel->handle(Object(Illuminate\Http\Request))
#19 {main}  
[2017-02-28 11:00:21] local.ERROR: ReflectionException: Method App\Http\Controllers\Home\IndexController::index() does not exist in F:\web\phpStudy\WWW\git\laravel52\vendor\laravel\framework\src\Illuminate\Routing\Route.php:280
Stack trace:
#0 F:\web\phpStudy\WWW\git\laravel52\vendor\laravel\framework\src\Illuminate\Routing\Route.php(280): ReflectionMethod->__construct('App\\Http\\Contro...', 'index')
#1 F:\web\phpStudy\WWW\git\laravel52\vendor\laravel\framework\src\Illuminate\Routing\Router.php(857): Illuminate\Routing\Route->signatureParameters('Illuminate\\Data...')
#2 F:\web\phpStudy\WWW\git\laravel52\vendor\laravel\framework\src\Illuminate\Routing\Router.php(842): Illuminate\Routing\Router->substituteImplicitBindings(Object(Illuminate\Routing\Route))
#3 F:\web\phpStudy\WWW\git\laravel52\vendor\laravel\framework\src\Illuminate\Routing\Router.php(825): Illuminate\Routing\Router->substituteBindings(Object(Illuminate\Routing\Route))
#4 F:\web\phpStudy\WWW\git\laravel52\vendor\laravel\framework\src\Illuminate\Routing\Router.php(691): Illuminate\Routing\Router->findRoute(Object(Illuminate\Http\Request))
#5 F:\web\phpStudy\WWW\git\laravel52\vendor\laravel\framework\src\Illuminate\Routing\Router.php(675): Illuminate\Routing\Router->dispatchToRoute(Object(Illuminate\Http\Request))
#6 F:\web\phpStudy\WWW\git\laravel52\vendor\laravel\framework\src\Illuminate\Foundation\Http\Kernel.php(246): Illuminate\Routing\Router->dispatch(Object(Illuminate\Http\Request))
#7 [internal function]: Illuminate\Foundation\Http\Kernel->Illuminate\Foundation\Http\{closure}(Object(Illuminate\Http\Request))
#8 F:\web\phpStudy\WWW\git\laravel52\vendor\laravel\framework\src\Illuminate\Routing\Pipeline.php(52): call_user_func(Object(Closure), Object(Illuminate\Http\Request))
#9 F:\web\phpStudy\WWW\git\laravel52\vendor\laravel\framework\src\Illuminate\Foundation\Http\Middleware\CheckForMaintenanceMode.php(44): Illuminate\Routing\Pipeline->Illuminate\Routing\{closure}(Object(Illuminate\Http\Request))
#10 [internal function]: Illuminate\Foundation\Http\Middleware\CheckForMaintenanceMode->handle(Object(Illuminate\Http\Request), Object(Closure))
#11 F:\web\phpStudy\WWW\git\laravel52\vendor\laravel\framework\src\Illuminate\Pipeline\Pipeline.php(136): call_user_func_array(Array, Array)
#12 [internal function]: Illuminate\Pipeline\Pipeline->Illuminate\Pipeline\{closure}(Object(Illuminate\Http\Request))
#13 F:\web\phpStudy\WWW\git\laravel52\vendor\laravel\framework\src\Illuminate\Routing\Pipeline.php(32): call_user_func(Object(Closure), Object(Illuminate\Http\Request))
#14 [internal function]: Illuminate\Routing\Pipeline->Illuminate\Routing\{closure}(Object(Illuminate\Http\Request))
#15 F:\web\phpStudy\WWW\git\laravel52\vendor\laravel\framework\src\Illuminate\Pipeline\Pipeline.php(102): call_user_func(Object(Closure), Object(Illuminate\Http\Request))
#16 F:\web\phpStudy\WWW\git\laravel52\vendor\laravel\framework\src\Illuminate\Foundation\Http\Kernel.php(132): Illuminate\Pipeline\Pipeline->then(Object(Closure))
#17 F:\web\phpStudy\WWW\git\laravel52\vendor\laravel\framework\src\Illuminate\Foundation\Http\Kernel.php(99): Illuminate\Foundation\Http\Kernel->sendRequestThroughRouter(Object(Illuminate\Http\Request))
#18 F:\web\phpStudy\WWW\git\laravel52\public\index.php(53): Illuminate\Foundation\Http\Kernel->handle(Object(Illuminate\Http\Request))
#19 {main}  
[2017-02-28 11:02:47] local.ERROR: ReflectionException: Method App\Http\Controllers\Home\IndexController::index() does not exist in F:\web\phpStudy\WWW\git\laravel52\vendor\laravel\framework\src\Illuminate\Routing\Route.php:280
Stack trace:
#0 F:\web\phpStudy\WWW\git\laravel52\vendor\laravel\framework\src\Illuminate\Routing\Route.php(280): ReflectionMethod->__construct('App\\Http\\Contro...', 'index')
#1 F:\web\phpStudy\WWW\git\laravel52\vendor\laravel\framework\src\Illuminate\Routing\Router.php(857): Illuminate\Routing\Route->signatureParameters('Illuminate\\Data...')
#2 F:\web\phpStudy\WWW\git\laravel52\vendor\laravel\framework\src\Illuminate\Routing\Router.php(842): Illuminate\Routing\Router->substituteImplicitBindings(Object(Illuminate\Routing\Route))
#3 F:\web\phpStudy\WWW\git\laravel52\vendor\laravel\framework\src\Illuminate\Routing\Router.php(825): Illuminate\Routing\Router->substituteBindings(Object(Illuminate\Routing\Route))
#4 F:\web\phpStudy\WWW\git\laravel52\vendor\laravel\framework\src\Illuminate\Routing\Router.php(691): Illuminate\Routing\Router->findRoute(Object(Illuminate\Http\Request))
#5 F:\web\phpStudy\WWW\git\laravel52\vendor\laravel\framework\src\Illuminate\Routing\Router.php(675): Illuminate\Routing\Router->dispatchToRoute(Object(Illuminate\Http\Request))
#6 F:\web\phpStudy\WWW\git\laravel52\vendor\laravel\framework\src\Illuminate\Foundation\Http\Kernel.php(246): Illuminate\Routing\Router->dispatch(Object(Illuminate\Http\Request))
#7 [internal function]: Illuminate\Foundation\Http\Kernel->Illuminate\Foundation\Http\{closure}(Object(Illuminate\Http\Request))
#8 F:\web\phpStudy\WWW\git\laravel52\vendor\laravel\framework\src\Illuminate\Routing\Pipeline.php(52): call_user_func(Object(Closure), Object(Illuminate\Http\Request))
#9 F:\web\phpStudy\WWW\git\laravel52\vendor\laravel\framework\src\Illuminate\Foundation\Http\Middleware\CheckForMaintenanceMode.php(44): Illuminate\Routing\Pipeline->Illuminate\Routing\{closure}(Object(Illuminate\Http\Request))
#10 [internal function]: Illuminate\Foundation\Http\Middleware\CheckForMaintenanceMode->handle(Object(Illuminate\Http\Request), Object(Closure))
#11 F:\web\phpStudy\WWW\git\laravel52\vendor\laravel\framework\src\Illuminate\Pipeline\Pipeline.php(136): call_user_func_array(Array, Array)
#12 [internal function]: Illuminate\Pipeline\Pipeline->Illuminate\Pipeline\{closure}(Object(Illuminate\Http\Request))
#13 F:\web\phpStudy\WWW\git\laravel52\vendor\laravel\framework\src\Illuminate\Routing\Pipeline.php(32): call_user_func(Object(Closure), Object(Illuminate\Http\Request))
#14 [internal function]: Illuminate\Routing\Pipeline->Illuminate\Routing\{closure}(Object(Illuminate\Http\Request))
#15 F:\web\phpStudy\WWW\git\laravel52\vendor\laravel\framework\src\Illuminate\Pipeline\Pipeline.php(102): call_user_func(Object(Closure), Object(Illuminate\Http\Request))
#16 F:\web\phpStudy\WWW\git\laravel52\vendor\laravel\framework\src\Illuminate\Foundation\Http\Kernel.php(132): Illuminate\Pipeline\Pipeline->then(Object(Closure))
#17 F:\web\phpStudy\WWW\git\laravel52\vendor\laravel\framework\src\Illuminate\Foundation\Http\Kernel.php(99): Illuminate\Foundation\Http\Kernel->sendRequestThroughRouter(Object(Illuminate\Http\Request))
#18 F:\web\phpStudy\WWW\git\laravel52\public\index.php(53): Illuminate\Foundation\Http\Kernel->handle(Object(Illuminate\Http\Request))
#19 {main}  
[2017-02-28 11:03:36] local.ERROR: ReflectionException: Class App\Http\Controllers\Home/IndexController does not exist in F:\web\phpStudy\WWW\git\laravel52\vendor\laravel\framework\src\Illuminate\Routing\Route.php:280
Stack trace:
#0 F:\web\phpStudy\WWW\git\laravel52\vendor\laravel\framework\src\Illuminate\Routing\Route.php(280): ReflectionMethod->__construct('App\\Http\\Contro...', 'index')
#1 F:\web\phpStudy\WWW\git\laravel52\vendor\laravel\framework\src\Illuminate\Routing\Router.php(857): Illuminate\Routing\Route->signatureParameters('Illuminate\\Data...')
#2 F:\web\phpStudy\WWW\git\laravel52\vendor\laravel\framework\src\Illuminate\Routing\Router.php(842): Illuminate\Routing\Router->substituteImplicitBindings(Object(Illuminate\Routing\Route))
#3 F:\web\phpStudy\WWW\git\laravel52\vendor\laravel\framework\src\Illuminate\Routing\Router.php(825): Illuminate\Routing\Router->substituteBindings(Object(Illuminate\Routing\Route))
#4 F:\web\phpStudy\WWW\git\laravel52\vendor\laravel\framework\src\Illuminate\Routing\Router.php(691): Illuminate\Routing\Router->findRoute(Object(Illuminate\Http\Request))
#5 F:\web\phpStudy\WWW\git\laravel52\vendor\laravel\framework\src\Illuminate\Routing\Router.php(675): Illuminate\Routing\Router->dispatchToRoute(Object(Illuminate\Http\Request))
#6 F:\web\phpStudy\WWW\git\laravel52\vendor\laravel\framework\src\Illuminate\Foundation\Http\Kernel.php(246): Illuminate\Routing\Router->dispatch(Object(Illuminate\Http\Request))
#7 [internal function]: Illuminate\Foundation\Http\Kernel->Illuminate\Foundation\Http\{closure}(Object(Illuminate\Http\Request))
#8 F:\web\phpStudy\WWW\git\laravel52\vendor\laravel\framework\src\Illuminate\Routing\Pipeline.php(52): call_user_func(Object(Closure), Object(Illuminate\Http\Request))
#9 F:\web\phpStudy\WWW\git\laravel52\vendor\laravel\framework\src\Illuminate\Foundation\Http\Middleware\CheckForMaintenanceMode.php(44): Illuminate\Routing\Pipeline->Illuminate\Routing\{closure}(Object(Illuminate\Http\Request))
#10 [internal function]: Illuminate\Foundation\Http\Middleware\CheckForMaintenanceMode->handle(Object(Illuminate\Http\Request), Object(Closure))
#11 F:\web\phpStudy\WWW\git\laravel52\vendor\laravel\framework\src\Illuminate\Pipeline\Pipeline.php(136): call_user_func_array(Array, Array)
#12 [internal function]: Illuminate\Pipeline\Pipeline->Illuminate\Pipeline\{closure}(Object(Illuminate\Http\Request))
#13 F:\web\phpStudy\WWW\git\laravel52\vendor\laravel\framework\src\Illuminate\Routing\Pipeline.php(32): call_user_func(Object(Closure), Object(Illuminate\Http\Request))
#14 [internal function]: Illuminate\Routing\Pipeline->Illuminate\Routing\{closure}(Object(Illuminate\Http\Request))
#15 F:\web\phpStudy\WWW\git\laravel52\vendor\laravel\framework\src\Illuminate\Pipeline\Pipeline.php(102): call_user_func(Object(Closure), Object(Illuminate\Http\Request))
#16 F:\web\phpStudy\WWW\git\laravel52\vendor\laravel\framework\src\Illuminate\Foundation\Http\Kernel.php(132): Illuminate\Pipeline\Pipeline->then(Object(Closure))
#17 F:\web\phpStudy\WWW\git\laravel52\vendor\laravel\framework\src\Illuminate\Foundation\Http\Kernel.php(99): Illuminate\Foundation\Http\Kernel->sendRequestThroughRouter(Object(Illuminate\Http\Request))
#18 F:\web\phpStudy\WWW\git\laravel52\public\index.php(53): Illuminate\Foundation\Http\Kernel->handle(Object(Illuminate\Http\Request))
#19 {main}  
